#
# There is insufficient memory for the Java Runtime Environment to continue.
# Native memory allocation (mmap) failed to map 65536 bytes for Failed to commit metaspace.
# Possible reasons:
#   The system is out of physical RAM or swap space
#   The process is running with CompressedOops enabled, and the Java Heap may be blocking the growth of the native heap
# Possible solutions:
#   Reduce memory load on the system
#   Increase physical memory or swap space
#   Check if swap backing store is full
#   Decrease Java heap size (-Xmx/-Xms)
#   Decrease number of Java threads
#   Decrease Java thread stack sizes (-Xss)
#   Set larger code cache with -XX:ReservedCodeCacheSize=
#   JVM is running with Zero Based Compressed Oops mode in which the Java heap is
#     placed in the first 32GB address space. The Java Heap base address is the
#     maximum limit for the native heap growth. Please use -XX:HeapBaseMinAddress
#     to set the Java Heap base and to place the Java Heap above 32GB virtual address.
# This output file may be truncated or incomplete.
#
#  Out of Memory Error (virtualSpaceNode.cpp:110), pid=30660, tid=46328
#
# JRE version: Java(TM) SE Runtime Environment (17.0.12+8) (build 17.0.12+8-LTS-286)
# Java VM: Java HotSpot(TM) 64-Bit Server VM (17.0.12+8-LTS-286, mixed mode, emulated-client, sharing, tiered, compressed oops, compressed class ptrs, g1 gc, windows-amd64)
# No core dump will be written. Minidumps are not enabled by default on client versions of Windows
#

---------------  S U M M A R Y ------------

Command Line: -XX:TieredStopAtLevel=1 -Dspring.output.ansi.enabled=always -Dcom.sun.management.jmxremote -Dspring.jmx.enabled=true -Dspring.liveBeansView.mbeanDomain -Dspring.application.admin.enabled=true -Dmanagement.endpoints.jmx.exposure.include=* -javaagent:C:\Program Files\JetBrains\IntelliJ IDEA 2024.1.1\lib\idea_rt.jar=2343:C:\Program Files\JetBrains\IntelliJ IDEA 2024.1.1\bin -Dfile.encoding=UTF-8 com.ormi.storywave.StorywaveApplication

Host: Intel(R) Core(TM) i7-8550U CPU @ 1.80GHz, 8 cores, 15G,  Windows 11 , 64 bit Build 22621 (10.0.22621.3672)
Time: Fri Aug  2 16:42:30 2024  Windows 11 , 64 bit Build 22621 (10.0.22621.3672) elapsed time: 7.239867 seconds (0d 0h 0m 7s)

---------------  T H R E A D  ---------------

Current thread (0x00000218f4643730):  JavaThread "restartedMain" [_thread_in_vm, id=46328, stack(0x0000003c2f300000,0x0000003c2f400000)]

Stack: [0x0000003c2f300000,0x0000003c2f400000]
Native frames: (J=compiled Java code, j=interpreted, Vv=VM code, C=native code)
V  [jvm.dll+0x67a04a]
V  [jvm.dll+0x7da4ed]
V  [jvm.dll+0x7dbe33]
V  [jvm.dll+0x7dc4a3]
V  [jvm.dll+0x24508f]
V  [jvm.dll+0x7d60bb]
V  [jvm.dll+0x6206c6]
V  [jvm.dll+0x1bed07]
V  [jvm.dll+0x623022]
V  [jvm.dll+0x621086]
V  [jvm.dll+0x631f09]
V  [jvm.dll+0x62b264]
V  [jvm.dll+0x37d8f1]
C  0x00000218e055c1b2

Java frames: (J=compiled Java code, j=interpreted, Vv=VM code)
j  org.springframework.boot.origin.PropertySourceOrigin.get(Lorg/springframework/core/env/PropertySource;Ljava/lang/String;)Lorg/springframework/boot/origin/Origin;+0
j  org.springframework.boot.context.properties.source.SpringConfigurationPropertySource.getConfigurationProperty(Lorg/springframework/boot/context/properties/source/ConfigurationPropertyName;)Lorg/springframework/boot/context/properties/source/ConfigurationProperty;+88
j  org.springframework.boot.context.properties.source.SpringIterableConfigurationPropertySource.getConfigurationProperty(Lorg/springframework/boot/context/properties/source/ConfigurationPropertyName;)Lorg/springframework/boot/context/properties/source/ConfigurationProperty;+8
j  org.springframework.boot.context.properties.bind.Binder.findProperty(Lorg/springframework/boot/context/properties/source/ConfigurationPropertyName;Lorg/springframework/boot/context/properties/bind/Bindable;Lorg/springframework/boot/context/properties/bind/Binder$Context;)Lorg/springframework/boot/context/properties/source/ConfigurationProperty;+55
j  org.springframework.boot.context.properties.bind.Binder.bindObject(Lorg/springframework/boot/context/properties/source/ConfigurationPropertyName;Lorg/springframework/boot/context/properties/bind/Bindable;Lorg/springframework/boot/context/properties/bind/BindHandler;Lorg/springframework/boot/context/properties/bind/Binder$Context;Z)Ljava/lang/Object;+5
j  org.springframework.boot.context.properties.bind.Binder.bind(Lorg/springframework/boot/context/properties/source/ConfigurationPropertyName;Lorg/springframework/boot/context/properties/bind/Bindable;Lorg/springframework/boot/context/properties/bind/BindHandler;Lorg/springframework/boot/context/properties/bind/Binder$Context;ZZ)Ljava/lang/Object;+41
j  org.springframework.boot.context.properties.bind.Binder.bind(Lorg/springframework/boot/context/properties/source/ConfigurationPropertyName;Lorg/springframework/boot/context/properties/bind/Bindable;Lorg/springframework/boot/context/properties/bind/BindHandler;Z)Ljava/lang/Object;+44
j  org.springframework.boot.context.properties.bind.Binder.bind(Lorg/springframework/boot/context/properties/source/ConfigurationPropertyName;Lorg/springframework/boot/context/properties/bind/Bindable;Lorg/springframework/boot/context/properties/bind/BindHandler;)Lorg/springframework/boot/context/properties/bind/BindResult;+5
j  org.springframework.boot.context.properties.bind.Binder.bind(Ljava/lang/String;Lorg/springframework/boot/context/properties/bind/Bindable;)Lorg/springframework/boot/context/properties/bind/BindResult;+7
j  org.springframework.boot.context.properties.bind.Binder.bind(Ljava/lang/String;Ljava/lang/Class;)Lorg/springframework/boot/context/properties/bind/BindResult;+6
j  org.springframework.boot.context.config.AnsiOutputApplicationListener.onApplicationEvent(Lorg/springframework/boot/context/event/ApplicationEnvironmentPreparedEvent;)V+13
j  org.springframework.boot.context.config.AnsiOutputApplicationListener.onApplicationEvent(Lorg/springframework/context/ApplicationEvent;)V+5
j  org.springframework.context.event.SimpleApplicationEventMulticaster.doInvokeListener(Lorg/springframework/context/ApplicationListener;Lorg/springframework/context/ApplicationEvent;)V+2
j  org.springframework.context.event.SimpleApplicationEventMulticaster.invokeListener(Lorg/springframework/context/ApplicationListener;Lorg/springframework/context/ApplicationEvent;)V+34
j  org.springframework.context.event.SimpleApplicationEventMulticaster.multicastEvent(Lorg/springframework/context/ApplicationEvent;Lorg/springframework/core/ResolvableType;)V+104
j  org.springframework.context.event.SimpleApplicationEventMulticaster.multicastEvent(Lorg/springframework/context/ApplicationEvent;)V+3
j  org.springframework.boot.context.event.EventPublishingRunListener.multicastInitialEvent(Lorg/springframework/context/ApplicationEvent;)V+9
j  org.springframework.boot.context.event.EventPublishingRunListener.environmentPrepared(Lorg/springframework/boot/ConfigurableBootstrapContext;Lorg/springframework/core/env/ConfigurableEnvironment;)V+18
j  org.springframework.boot.SpringApplicationRunListeners.lambda$environmentPrepared$2(Lorg/springframework/boot/ConfigurableBootstrapContext;Lorg/springframework/core/env/ConfigurableEnvironment;Lorg/springframework/boot/SpringApplicationRunListener;)V+3
j  org.springframework.boot.SpringApplicationRunListeners$$Lambda$173+0x000002188112b910.accept(Ljava/lang/Object;)V+12
j  java.lang.Iterable.forEach(Ljava/util/function/Consumer;)V+30 java.base@17.0.12
j  org.springframework.boot.SpringApplicationRunListeners.doWithListeners(Ljava/lang/String;Ljava/util/function/Consumer;Ljava/util/function/Consumer;)V+17
j  org.springframework.boot.SpringApplicationRunListeners.doWithListeners(Ljava/lang/String;Ljava/util/function/Consumer;)V+4
j  org.springframework.boot.SpringApplicationRunListeners.environmentPrepared(Lorg/springframework/boot/ConfigurableBootstrapContext;Lorg/springframework/core/env/ConfigurableEnvironment;)V+10
j  org.springframework.boot.SpringApplication.prepareEnvironment(Lorg/springframework/boot/SpringApplicationRunListeners;Lorg/springframework/boot/DefaultBootstrapContext;Lorg/springframework/boot/ApplicationArguments;)Lorg/springframework/core/env/ConfigurableEnvironment;+27
j  org.springframework.boot.SpringApplication.run([Ljava/lang/String;)Lorg/springframework/context/ConfigurableApplicationContext;+62
j  org.springframework.boot.SpringApplication.run([Ljava/lang/Class;[Ljava/lang/String;)Lorg/springframework/context/ConfigurableApplicationContext;+9
j  org.springframework.boot.SpringApplication.run(Ljava/lang/Class;[Ljava/lang/String;)Lorg/springframework/context/ConfigurableApplicationContext;+9
j  com.ormi.storywave.StorywaveApplication.main([Ljava/lang/String;)V+3
v  ~StubRoutines::call_stub
j  jdk.internal.reflect.NativeMethodAccessorImpl.invoke0(Ljava/lang/reflect/Method;Ljava/lang/Object;[Ljava/lang/Object;)Ljava/lang/Object;+0 java.base@17.0.12
j  jdk.internal.reflect.NativeMethodAccessorImpl.invoke(Ljava/lang/Object;[Ljava/lang/Object;)Ljava/lang/Object;+133 java.base@17.0.12
j  jdk.internal.reflect.DelegatingMethodAccessorImpl.invoke(Ljava/lang/Object;[Ljava/lang/Object;)Ljava/lang/Object;+6 java.base@17.0.12
j  java.lang.reflect.Method.invoke(Ljava/lang/Object;[Ljava/lang/Object;)Ljava/lang/Object;+59 java.base@17.0.12
j  org.springframework.boot.devtools.restart.RestartLauncher.run()V+47
v  ~StubRoutines::call_stub

---------------  P R O C E S S  ---------------

Threads class SMR info:
_java_thread_list=0x00000218f45cb9f0, length=18, elements={
0x00000218d8ca89e0, 0x00000218ef8c9eb0, 0x00000218ef8cad30, 0x00000218ef9912a0,
0x00000218ef991d70, 0x00000218ef994c40, 0x00000218ef995600, 0x00000218ef995fc0,
0x00000218ef997160, 0x00000218efa80fc0, 0x00000218f4149c20, 0x00000218f413fc40,
0x00000218efa844c0, 0x00000218f424ea50, 0x00000218f4231a20, 0x00000218f424fff0,
0x00000218f462afb0, 0x00000218f4643730
}

Java Threads: ( => current thread )
  0x00000218d8ca89e0 JavaThread "main" [_thread_blocked, id=11720, stack(0x0000003c2d300000,0x0000003c2d400000)]
  0x00000218ef8c9eb0 JavaThread "Reference Handler" daemon [_thread_blocked, id=11472, stack(0x0000003c2da00000,0x0000003c2db00000)]
  0x00000218ef8cad30 JavaThread "Finalizer" daemon [_thread_blocked, id=47272, stack(0x0000003c2db00000,0x0000003c2dc00000)]
  0x00000218ef9912a0 JavaThread "Signal Dispatcher" daemon [_thread_blocked, id=336, stack(0x0000003c2dc00000,0x0000003c2dd00000)]
  0x00000218ef991d70 JavaThread "Attach Listener" daemon [_thread_blocked, id=38416, stack(0x0000003c2dd00000,0x0000003c2de00000)]
  0x00000218ef994c40 JavaThread "Service Thread" daemon [_thread_blocked, id=45632, stack(0x0000003c2de00000,0x0000003c2df00000)]
  0x00000218ef995600 JavaThread "Monitor Deflation Thread" daemon [_thread_blocked, id=46668, stack(0x0000003c2df00000,0x0000003c2e000000)]
  0x00000218ef995fc0 JavaThread "C1 CompilerThread0" daemon [_thread_blocked, id=31200, stack(0x0000003c2e000000,0x0000003c2e100000)]
  0x00000218ef997160 JavaThread "Sweeper thread" daemon [_thread_blocked, id=23668, stack(0x0000003c2e100000,0x0000003c2e200000)]
  0x00000218efa80fc0 JavaThread "Common-Cleaner" daemon [_thread_blocked, id=4424, stack(0x0000003c2e200000,0x0000003c2e300000)]
  0x00000218f4149c20 JavaThread "Monitor Ctrl-Break" daemon [_thread_in_native, id=18968, stack(0x0000003c2e500000,0x0000003c2e600000)]
  0x00000218f413fc40 JavaThread "Notification Thread" daemon [_thread_blocked, id=2656, stack(0x0000003c2e600000,0x0000003c2e700000)]
  0x00000218efa844c0 JavaThread "C1 CompilerThread1" daemon [_thread_blocked, id=30852, stack(0x0000003c2e300000,0x0000003c2e400000)]
  0x00000218f424ea50 JavaThread "C1 CompilerThread2" daemon [_thread_blocked, id=44108, stack(0x0000003c2e400000,0x0000003c2e500000)]
  0x00000218f4231a20 JavaThread "C1 CompilerThread3" daemon [_thread_blocked, id=2804, stack(0x0000003c2e700000,0x0000003c2e800000)]
  0x00000218f424fff0 JavaThread "RMI TCP Accept-0" daemon [_thread_in_native, id=48044, stack(0x0000003c2e800000,0x0000003c2e900000)]
  0x00000218f462afb0 JavaThread "Thread-0" [_thread_blocked, id=40884, stack(0x0000003c2f200000,0x0000003c2f300000)]
=>0x00000218f4643730 JavaThread "restartedMain" [_thread_in_vm, id=46328, stack(0x0000003c2f300000,0x0000003c2f400000)]

Other Threads:
  0x00000218ef8c5710 VMThread "VM Thread" [stack: 0x0000003c2d900000,0x0000003c2da00000] [id=47520]
  0x00000218d8ca9670 WatcherThread [stack: 0x0000003c2e900000,0x0000003c2ea00000] [id=30132]
  0x00000218d8d159b0 GCTaskThread "GC Thread#0" [stack: 0x0000003c2d400000,0x0000003c2d500000] [id=31616]
  0x00000218f45e40e0 GCTaskThread "GC Thread#1" [stack: 0x0000003c2ea00000,0x0000003c2eb00000] [id=40912]
  0x00000218f45e43a0 GCTaskThread "GC Thread#2" [stack: 0x0000003c2eb00000,0x0000003c2ec00000] [id=22104]
  0x00000218f45e4660 GCTaskThread "GC Thread#3" [stack: 0x0000003c2ec00000,0x0000003c2ed00000] [id=29160]
  0x00000218f45e4920 GCTaskThread "GC Thread#4" [stack: 0x0000003c2ed00000,0x0000003c2ee00000] [id=22056]
  0x00000218f45e4be0 GCTaskThread "GC Thread#5" [stack: 0x0000003c2ee00000,0x0000003c2ef00000] [id=11604]
  0x00000218f4603b50 GCTaskThread "GC Thread#6" [stack: 0x0000003c2ef00000,0x0000003c2f000000] [id=23068]
  0x00000218f4603e10 GCTaskThread "GC Thread#7" [stack: 0x0000003c2f000000,0x0000003c2f100000] [id=32680]
  0x00000218d8d277d0 ConcurrentGCThread "G1 Main Marker" [stack: 0x0000003c2d500000,0x0000003c2d600000] [id=23108]
  0x00000218d8d281e0 ConcurrentGCThread "G1 Conc#0" [stack: 0x0000003c2d600000,0x0000003c2d700000] [id=46212]
  0x00000218ef77e150 ConcurrentGCThread "G1 Refine#0" [stack: 0x0000003c2d700000,0x0000003c2d800000] [id=23524]
  0x00000218f45f4690 ConcurrentGCThread "G1 Refine#1" [stack: 0x0000003c2f100000,0x0000003c2f200000] [id=3828]
  0x00000218ef77eb80 ConcurrentGCThread "G1 Service" [stack: 0x0000003c2d800000,0x0000003c2d900000] [id=42928]

Threads with active compile tasks:

VM state: not at safepoint (normal execution)

VM Mutex/Monitor currently owned by a thread:  ([mutex/lock_event])
[0x00000218d8ca32f0] Metaspace_lock - owner thread: 0x00000218f4643730

Heap address: 0x0000000701400000, size: 4076 MB, Compressed Oops mode: Zero based, Oop shift amount: 3

CDS archive(s) mapped at: [0x0000021880000000-0x0000021880bd0000-0x0000021880bd0000), size 12386304, SharedBaseAddress: 0x0000021880000000, ArchiveRelocationMode: 1.
Compressed class space mapped at: 0x0000021881000000-0x00000218c1000000, reserved size: 1073741824
Narrow klass base: 0x0000021880000000, Narrow klass shift: 0, Narrow klass range: 0x100000000

GC Precious Log:
 CPUs: 8 total, 8 available
 Memory: 16299M
 Large Page Support: Disabled
 NUMA Support: Disabled
 Compressed Oops: Enabled (Zero based)
 Heap Region Size: 2M
 Heap Min Capacity: 8M
 Heap Initial Capacity: 256M
 Heap Max Capacity: 4076M
 Pre-touch: Disabled
 Parallel Workers: 8
 Concurrent Workers: 2
 Concurrent Refinement Workers: 8
 Periodic GC: Disabled

Heap:
 garbage-first heap   total 262144K, used 13142K [0x0000000701400000, 0x0000000800000000)
  region size 2048K, 4 young (8192K), 1 survivors (2048K)
 Metaspace       used 10469K, committed 10688K, reserved 1114112K
  class space    used 1404K, committed 1536K, reserved 1048576K

Heap Regions: E=young(eden), S=young(survivor), O=old, HS=humongous(starts), HC=humongous(continues), CS=collection set, F=free, OA=open archive, CA=closed archive, TAMS=top-at-mark-start (previous, next)
|   0|0x0000000701400000, 0x0000000701600000, 0x0000000701600000|100%| O|  |TAMS 0x0000000701400000, 0x0000000701400000| Untracked 
|   1|0x0000000701600000, 0x0000000701800000, 0x0000000701800000|100%| O|  |TAMS 0x0000000701600000, 0x0000000701600000| Untracked 
|   2|0x0000000701800000, 0x0000000701a00000, 0x0000000701a00000|100%| O|  |TAMS 0x0000000701800000, 0x0000000701800000| Untracked 
|   3|0x0000000701a00000, 0x0000000701bc9e00, 0x0000000701c00000| 89%| O|  |TAMS 0x0000000701a00000, 0x0000000701a00000| Untracked 
|   4|0x0000000701c00000, 0x0000000701c00000, 0x0000000701e00000|  0%| F|  |TAMS 0x0000000701c00000, 0x0000000701c00000| Untracked 
|   5|0x0000000701e00000, 0x0000000701e00000, 0x0000000702000000|  0%| F|  |TAMS 0x0000000701e00000, 0x0000000701e00000| Untracked 
|   6|0x0000000702000000, 0x0000000702000000, 0x0000000702200000|  0%| F|  |TAMS 0x0000000702000000, 0x0000000702000000| Untracked 
|   7|0x0000000702200000, 0x0000000702200000, 0x0000000702400000|  0%| F|  |TAMS 0x0000000702200000, 0x0000000702200000| Untracked 
|   8|0x0000000702400000, 0x0000000702400000, 0x0000000702600000|  0%| F|  |TAMS 0x0000000702400000, 0x0000000702400000| Untracked 
|   9|0x0000000702600000, 0x0000000702600000, 0x0000000702800000|  0%| F|  |TAMS 0x0000000702600000, 0x0000000702600000| Untracked 
|  10|0x0000000702800000, 0x0000000702800000, 0x0000000702a00000|  0%| F|  |TAMS 0x0000000702800000, 0x0000000702800000| Untracked 
|  11|0x0000000702a00000, 0x0000000702a00000, 0x0000000702c00000|  0%| F|  |TAMS 0x0000000702a00000, 0x0000000702a00000| Untracked 
|  12|0x0000000702c00000, 0x0000000702c00000, 0x0000000702e00000|  0%| F|  |TAMS 0x0000000702c00000, 0x0000000702c00000| Untracked 
|  13|0x0000000702e00000, 0x0000000702e00000, 0x0000000703000000|  0%| F|  |TAMS 0x0000000702e00000, 0x0000000702e00000| Untracked 
|  14|0x0000000703000000, 0x0000000703000000, 0x0000000703200000|  0%| F|  |TAMS 0x0000000703000000, 0x0000000703000000| Untracked 
|  15|0x0000000703200000, 0x0000000703200000, 0x0000000703400000|  0%| F|  |TAMS 0x0000000703200000, 0x0000000703200000| Untracked 
|  16|0x0000000703400000, 0x0000000703400000, 0x0000000703600000|  0%| F|  |TAMS 0x0000000703400000, 0x0000000703400000| Untracked 
|  17|0x0000000703600000, 0x0000000703600000, 0x0000000703800000|  0%| F|  |TAMS 0x0000000703600000, 0x0000000703600000| Untracked 
|  18|0x0000000703800000, 0x0000000703800000, 0x0000000703a00000|  0%| F|  |TAMS 0x0000000703800000, 0x0000000703800000| Untracked 
|  19|0x0000000703a00000, 0x0000000703a00000, 0x0000000703c00000|  0%| F|  |TAMS 0x0000000703a00000, 0x0000000703a00000| Untracked 
|  20|0x0000000703c00000, 0x0000000703c00000, 0x0000000703e00000|  0%| F|  |TAMS 0x0000000703c00000, 0x0000000703c00000| Untracked 
|  21|0x0000000703e00000, 0x0000000703e00000, 0x0000000704000000|  0%| F|  |TAMS 0x0000000703e00000, 0x0000000703e00000| Untracked 
|  22|0x0000000704000000, 0x0000000704000000, 0x0000000704200000|  0%| F|  |TAMS 0x0000000704000000, 0x0000000704000000| Untracked 
|  23|0x0000000704200000, 0x0000000704200000, 0x0000000704400000|  0%| F|  |TAMS 0x0000000704200000, 0x0000000704200000| Untracked 
|  24|0x0000000704400000, 0x0000000704400000, 0x0000000704600000|  0%| F|  |TAMS 0x0000000704400000, 0x0000000704400000| Untracked 
|  25|0x0000000704600000, 0x0000000704600000, 0x0000000704800000|  0%| F|  |TAMS 0x0000000704600000, 0x0000000704600000| Untracked 
|  26|0x0000000704800000, 0x0000000704800000, 0x0000000704a00000|  0%| F|  |TAMS 0x0000000704800000, 0x0000000704800000| Untracked 
|  27|0x0000000704a00000, 0x0000000704a00000, 0x0000000704c00000|  0%| F|  |TAMS 0x0000000704a00000, 0x0000000704a00000| Untracked 
|  28|0x0000000704c00000, 0x0000000704c00000, 0x0000000704e00000|  0%| F|  |TAMS 0x0000000704c00000, 0x0000000704c00000| Untracked 
|  29|0x0000000704e00000, 0x0000000704e00000, 0x0000000705000000|  0%| F|  |TAMS 0x0000000704e00000, 0x0000000704e00000| Untracked 
|  30|0x0000000705000000, 0x0000000705000000, 0x0000000705200000|  0%| F|  |TAMS 0x0000000705000000, 0x0000000705000000| Untracked 
|  31|0x0000000705200000, 0x0000000705200000, 0x0000000705400000|  0%| F|  |TAMS 0x0000000705200000, 0x0000000705200000| Untracked 
|  32|0x0000000705400000, 0x0000000705400000, 0x0000000705600000|  0%| F|  |TAMS 0x0000000705400000, 0x0000000705400000| Untracked 
|  33|0x0000000705600000, 0x0000000705600000, 0x0000000705800000|  0%| F|  |TAMS 0x0000000705600000, 0x0000000705600000| Untracked 
|  34|0x0000000705800000, 0x0000000705800000, 0x0000000705a00000|  0%| F|  |TAMS 0x0000000705800000, 0x0000000705800000| Untracked 
|  35|0x0000000705a00000, 0x0000000705a00000, 0x0000000705c00000|  0%| F|  |TAMS 0x0000000705a00000, 0x0000000705a00000| Untracked 
|  36|0x0000000705c00000, 0x0000000705c00000, 0x0000000705e00000|  0%| F|  |TAMS 0x0000000705c00000, 0x0000000705c00000| Untracked 
|  37|0x0000000705e00000, 0x0000000705e00000, 0x0000000706000000|  0%| F|  |TAMS 0x0000000705e00000, 0x0000000705e00000| Untracked 
|  38|0x0000000706000000, 0x0000000706000000, 0x0000000706200000|  0%| F|  |TAMS 0x0000000706000000, 0x0000000706000000| Untracked 
|  39|0x0000000706200000, 0x0000000706200000, 0x0000000706400000|  0%| F|  |TAMS 0x0000000706200000, 0x0000000706200000| Untracked 
|  40|0x0000000706400000, 0x0000000706400000, 0x0000000706600000|  0%| F|  |TAMS 0x0000000706400000, 0x0000000706400000| Untracked 
|  41|0x0000000706600000, 0x0000000706600000, 0x0000000706800000|  0%| F|  |TAMS 0x0000000706600000, 0x0000000706600000| Untracked 
|  42|0x0000000706800000, 0x0000000706800000, 0x0000000706a00000|  0%| F|  |TAMS 0x0000000706800000, 0x0000000706800000| Untracked 
|  43|0x0000000706a00000, 0x0000000706a00000, 0x0000000706c00000|  0%| F|  |TAMS 0x0000000706a00000, 0x0000000706a00000| Untracked 
|  44|0x0000000706c00000, 0x0000000706c00000, 0x0000000706e00000|  0%| F|  |TAMS 0x0000000706c00000, 0x0000000706c00000| Untracked 
|  45|0x0000000706e00000, 0x0000000706e00000, 0x0000000707000000|  0%| F|  |TAMS 0x0000000706e00000, 0x0000000706e00000| Untracked 
|  46|0x0000000707000000, 0x0000000707000000, 0x0000000707200000|  0%| F|  |TAMS 0x0000000707000000, 0x0000000707000000| Untracked 
|  47|0x0000000707200000, 0x0000000707200000, 0x0000000707400000|  0%| F|  |TAMS 0x0000000707200000, 0x0000000707200000| Untracked 
|  48|0x0000000707400000, 0x0000000707400000, 0x0000000707600000|  0%| F|  |TAMS 0x0000000707400000, 0x0000000707400000| Untracked 
|  49|0x0000000707600000, 0x0000000707600000, 0x0000000707800000|  0%| F|  |TAMS 0x0000000707600000, 0x0000000707600000| Untracked 
|  50|0x0000000707800000, 0x0000000707800000, 0x0000000707a00000|  0%| F|  |TAMS 0x0000000707800000, 0x0000000707800000| Untracked 
|  51|0x0000000707a00000, 0x0000000707a00000, 0x0000000707c00000|  0%| F|  |TAMS 0x0000000707a00000, 0x0000000707a00000| Untracked 
|  52|0x0000000707c00000, 0x0000000707c00000, 0x0000000707e00000|  0%| F|  |TAMS 0x0000000707c00000, 0x0000000707c00000| Untracked 
|  53|0x0000000707e00000, 0x0000000707e00000, 0x0000000708000000|  0%| F|  |TAMS 0x0000000707e00000, 0x0000000707e00000| Untracked 
|  54|0x0000000708000000, 0x0000000708000000, 0x0000000708200000|  0%| F|  |TAMS 0x0000000708000000, 0x0000000708000000| Untracked 
|  55|0x0000000708200000, 0x0000000708200000, 0x0000000708400000|  0%| F|  |TAMS 0x0000000708200000, 0x0000000708200000| Untracked 
|  56|0x0000000708400000, 0x0000000708400000, 0x0000000708600000|  0%| F|  |TAMS 0x0000000708400000, 0x0000000708400000| Untracked 
|  57|0x0000000708600000, 0x0000000708600000, 0x0000000708800000|  0%| F|  |TAMS 0x0000000708600000, 0x0000000708600000| Untracked 
|  58|0x0000000708800000, 0x0000000708800000, 0x0000000708a00000|  0%| F|  |TAMS 0x0000000708800000, 0x0000000708800000| Untracked 
|  59|0x0000000708a00000, 0x0000000708a00000, 0x0000000708c00000|  0%| F|  |TAMS 0x0000000708a00000, 0x0000000708a00000| Untracked 
|  60|0x0000000708c00000, 0x0000000708c00000, 0x0000000708e00000|  0%| F|  |TAMS 0x0000000708c00000, 0x0000000708c00000| Untracked 
|  61|0x0000000708e00000, 0x0000000708e00000, 0x0000000709000000|  0%| F|  |TAMS 0x0000000708e00000, 0x0000000708e00000| Untracked 
|  62|0x0000000709000000, 0x0000000709000000, 0x0000000709200000|  0%| F|  |TAMS 0x0000000709000000, 0x0000000709000000| Untracked 
|  63|0x0000000709200000, 0x0000000709200000, 0x0000000709400000|  0%| F|  |TAMS 0x0000000709200000, 0x0000000709200000| Untracked 
|  64|0x0000000709400000, 0x0000000709400000, 0x0000000709600000|  0%| F|  |TAMS 0x0000000709400000, 0x0000000709400000| Untracked 
|  65|0x0000000709600000, 0x0000000709600000, 0x0000000709800000|  0%| F|  |TAMS 0x0000000709600000, 0x0000000709600000| Untracked 
|  66|0x0000000709800000, 0x0000000709800000, 0x0000000709a00000|  0%| F|  |TAMS 0x0000000709800000, 0x0000000709800000| Untracked 
|  67|0x0000000709a00000, 0x0000000709a00000, 0x0000000709c00000|  0%| F|  |TAMS 0x0000000709a00000, 0x0000000709a00000| Untracked 
|  68|0x0000000709c00000, 0x0000000709c00000, 0x0000000709e00000|  0%| F|  |TAMS 0x0000000709c00000, 0x0000000709c00000| Untracked 
|  69|0x0000000709e00000, 0x0000000709e00000, 0x000000070a000000|  0%| F|  |TAMS 0x0000000709e00000, 0x0000000709e00000| Untracked 
|  70|0x000000070a000000, 0x000000070a000000, 0x000000070a200000|  0%| F|  |TAMS 0x000000070a000000, 0x000000070a000000| Untracked 
|  71|0x000000070a200000, 0x000000070a200000, 0x000000070a400000|  0%| F|  |TAMS 0x000000070a200000, 0x000000070a200000| Untracked 
|  72|0x000000070a400000, 0x000000070a400000, 0x000000070a600000|  0%| F|  |TAMS 0x000000070a400000, 0x000000070a400000| Untracked 
|  73|0x000000070a600000, 0x000000070a600000, 0x000000070a800000|  0%| F|  |TAMS 0x000000070a600000, 0x000000070a600000| Untracked 
|  74|0x000000070a800000, 0x000000070a800000, 0x000000070aa00000|  0%| F|  |TAMS 0x000000070a800000, 0x000000070a800000| Untracked 
|  75|0x000000070aa00000, 0x000000070aa00000, 0x000000070ac00000|  0%| F|  |TAMS 0x000000070aa00000, 0x000000070aa00000| Untracked 
|  76|0x000000070ac00000, 0x000000070ac00000, 0x000000070ae00000|  0%| F|  |TAMS 0x000000070ac00000, 0x000000070ac00000| Untracked 
|  77|0x000000070ae00000, 0x000000070ae00000, 0x000000070b000000|  0%| F|  |TAMS 0x000000070ae00000, 0x000000070ae00000| Untracked 
|  78|0x000000070b000000, 0x000000070b000000, 0x000000070b200000|  0%| F|  |TAMS 0x000000070b000000, 0x000000070b000000| Untracked 
|  79|0x000000070b200000, 0x000000070b200000, 0x000000070b400000|  0%| F|  |TAMS 0x000000070b200000, 0x000000070b200000| Untracked 
|  80|0x000000070b400000, 0x000000070b400000, 0x000000070b600000|  0%| F|  |TAMS 0x000000070b400000, 0x000000070b400000| Untracked 
|  81|0x000000070b600000, 0x000000070b600000, 0x000000070b800000|  0%| F|  |TAMS 0x000000070b600000, 0x000000070b600000| Untracked 
|  82|0x000000070b800000, 0x000000070b800000, 0x000000070ba00000|  0%| F|  |TAMS 0x000000070b800000, 0x000000070b800000| Untracked 
|  83|0x000000070ba00000, 0x000000070ba00000, 0x000000070bc00000|  0%| F|  |TAMS 0x000000070ba00000, 0x000000070ba00000| Untracked 
|  84|0x000000070bc00000, 0x000000070bc00000, 0x000000070be00000|  0%| F|  |TAMS 0x000000070bc00000, 0x000000070bc00000| Untracked 
|  85|0x000000070be00000, 0x000000070be00000, 0x000000070c000000|  0%| F|  |TAMS 0x000000070be00000, 0x000000070be00000| Untracked 
|  86|0x000000070c000000, 0x000000070c000000, 0x000000070c200000|  0%| F|  |TAMS 0x000000070c000000, 0x000000070c000000| Untracked 
|  87|0x000000070c200000, 0x000000070c200000, 0x000000070c400000|  0%| F|  |TAMS 0x000000070c200000, 0x000000070c200000| Untracked 
|  88|0x000000070c400000, 0x000000070c400000, 0x000000070c600000|  0%| F|  |TAMS 0x000000070c400000, 0x000000070c400000| Untracked 
|  89|0x000000070c600000, 0x000000070c600000, 0x000000070c800000|  0%| F|  |TAMS 0x000000070c600000, 0x000000070c600000| Untracked 
|  90|0x000000070c800000, 0x000000070c800000, 0x000000070ca00000|  0%| F|  |TAMS 0x000000070c800000, 0x000000070c800000| Untracked 
|  91|0x000000070ca00000, 0x000000070ca00000, 0x000000070cc00000|  0%| F|  |TAMS 0x000000070ca00000, 0x000000070ca00000| Untracked 
|  92|0x000000070cc00000, 0x000000070cc00000, 0x000000070ce00000|  0%| F|  |TAMS 0x000000070cc00000, 0x000000070cc00000| Untracked 
|  93|0x000000070ce00000, 0x000000070ce00000, 0x000000070d000000|  0%| F|  |TAMS 0x000000070ce00000, 0x000000070ce00000| Untracked 
|  94|0x000000070d000000, 0x000000070d000000, 0x000000070d200000|  0%| F|  |TAMS 0x000000070d000000, 0x000000070d000000| Untracked 
|  95|0x000000070d200000, 0x000000070d200000, 0x000000070d400000|  0%| F|  |TAMS 0x000000070d200000, 0x000000070d200000| Untracked 
|  96|0x000000070d400000, 0x000000070d400000, 0x000000070d600000|  0%| F|  |TAMS 0x000000070d400000, 0x000000070d400000| Untracked 
|  97|0x000000070d600000, 0x000000070d600000, 0x000000070d800000|  0%| F|  |TAMS 0x000000070d600000, 0x000000070d600000| Untracked 
|  98|0x000000070d800000, 0x000000070d800000, 0x000000070da00000|  0%| F|  |TAMS 0x000000070d800000, 0x000000070d800000| Untracked 
|  99|0x000000070da00000, 0x000000070da00000, 0x000000070dc00000|  0%| F|  |TAMS 0x000000070da00000, 0x000000070da00000| Untracked 
| 100|0x000000070dc00000, 0x000000070dc00000, 0x000000070de00000|  0%| F|  |TAMS 0x000000070dc00000, 0x000000070dc00000| Untracked 
| 101|0x000000070de00000, 0x000000070de00000, 0x000000070e000000|  0%| F|  |TAMS 0x000000070de00000, 0x000000070de00000| Untracked 
| 102|0x000000070e000000, 0x000000070e000000, 0x000000070e200000|  0%| F|  |TAMS 0x000000070e000000, 0x000000070e000000| Untracked 
| 103|0x000000070e200000, 0x000000070e200000, 0x000000070e400000|  0%| F|  |TAMS 0x000000070e200000, 0x000000070e200000| Untracked 
| 104|0x000000070e400000, 0x000000070e400000, 0x000000070e600000|  0%| F|  |TAMS 0x000000070e400000, 0x000000070e400000| Untracked 
| 105|0x000000070e600000, 0x000000070e600000, 0x000000070e800000|  0%| F|  |TAMS 0x000000070e600000, 0x000000070e600000| Untracked 
| 106|0x000000070e800000, 0x000000070e800000, 0x000000070ea00000|  0%| F|  |TAMS 0x000000070e800000, 0x000000070e800000| Untracked 
| 107|0x000000070ea00000, 0x000000070ea00000, 0x000000070ec00000|  0%| F|  |TAMS 0x000000070ea00000, 0x000000070ea00000| Untracked 
| 108|0x000000070ec00000, 0x000000070ec00000, 0x000000070ee00000|  0%| F|  |TAMS 0x000000070ec00000, 0x000000070ec00000| Untracked 
| 109|0x000000070ee00000, 0x000000070ee00000, 0x000000070f000000|  0%| F|  |TAMS 0x000000070ee00000, 0x000000070ee00000| Untracked 
| 110|0x000000070f000000, 0x000000070f000000, 0x000000070f200000|  0%| F|  |TAMS 0x000000070f000000, 0x000000070f000000| Untracked 
| 111|0x000000070f200000, 0x000000070f200000, 0x000000070f400000|  0%| F|  |TAMS 0x000000070f200000, 0x000000070f200000| Untracked 
| 112|0x000000070f400000, 0x000000070f400000, 0x000000070f600000|  0%| F|  |TAMS 0x000000070f400000, 0x000000070f400000| Untracked 
| 113|0x000000070f600000, 0x000000070f600000, 0x000000070f800000|  0%| F|  |TAMS 0x000000070f600000, 0x000000070f600000| Untracked 
| 114|0x000000070f800000, 0x000000070f800000, 0x000000070fa00000|  0%| F|  |TAMS 0x000000070f800000, 0x000000070f800000| Untracked 
| 115|0x000000070fa00000, 0x000000070fa00000, 0x000000070fc00000|  0%| F|  |TAMS 0x000000070fa00000, 0x000000070fa00000| Untracked 
| 116|0x000000070fc00000, 0x000000070fc00000, 0x000000070fe00000|  0%| F|  |TAMS 0x000000070fc00000, 0x000000070fc00000| Untracked 
| 117|0x000000070fe00000, 0x000000070fe00000, 0x0000000710000000|  0%| F|  |TAMS 0x000000070fe00000, 0x000000070fe00000| Untracked 
| 118|0x0000000710000000, 0x000000071010bbb0, 0x0000000710200000| 52%| S|CS|TAMS 0x0000000710000000, 0x0000000710000000| Complete 
| 119|0x0000000710200000, 0x0000000710200000, 0x0000000710400000|  0%| F|  |TAMS 0x0000000710200000, 0x0000000710200000| Untracked 
| 120|0x0000000710400000, 0x0000000710400000, 0x0000000710600000|  0%| F|  |TAMS 0x0000000710400000, 0x0000000710400000| Untracked 
| 121|0x0000000710600000, 0x0000000710600000, 0x0000000710800000|  0%| F|  |TAMS 0x0000000710600000, 0x0000000710600000| Untracked 
| 122|0x0000000710800000, 0x0000000710800000, 0x0000000710a00000|  0%| F|  |TAMS 0x0000000710800000, 0x0000000710800000| Untracked 
| 123|0x0000000710a00000, 0x0000000710a00000, 0x0000000710c00000|  0%| F|  |TAMS 0x0000000710a00000, 0x0000000710a00000| Untracked 
| 124|0x0000000710c00000, 0x0000000710c00000, 0x0000000710e00000|  0%| F|  |TAMS 0x0000000710c00000, 0x0000000710c00000| Untracked 
| 125|0x0000000710e00000, 0x0000000710ef0608, 0x0000000711000000| 46%| E|  |TAMS 0x0000000710e00000, 0x0000000710e00000| Complete 
| 126|0x0000000711000000, 0x0000000711200000, 0x0000000711200000|100%| E|CS|TAMS 0x0000000711000000, 0x0000000711000000| Complete 
| 127|0x0000000711200000, 0x0000000711400000, 0x0000000711400000|100%| E|CS|TAMS 0x0000000711200000, 0x0000000711200000| Complete 

Card table byte_map: [0x00000218e3e70000,0x00000218e4670000] _byte_map_base: 0x00000218e0666000

Marking Bits (Prev, Next): (CMBitMap*) 0x00000218d8d16fe0, (CMBitMap*) 0x00000218d8d17020
 Prev Bits: [0x00000218e4e70000, 0x00000218e8e20000)
 Next Bits: [0x00000218e8e20000, 0x00000218ecdd0000)

Polling page: 0x00000218d8460000

Metaspace:

Usage:
  Non-class:      8.85 MB used.
      Class:      1.37 MB used.
       Both:     10.22 MB used.

Virtual space:
  Non-class space:       64.00 MB reserved,       8.94 MB ( 14%) committed,  1 nodes.
      Class space:        1.00 GB reserved,       1.50 MB ( <1%) committed,  1 nodes.
             Both:        1.06 GB reserved,      10.44 MB ( <1%) committed. 

Chunk freelists:
   Non-Class:  6.98 MB
       Class:  14.54 MB
        Both:  21.53 MB

MaxMetaspaceSize: unlimited
CompressedClassSpaceSize: 1.00 GB
Initial GC threshold: 21.00 MB
Current GC threshold: 21.00 MB
CDS: on
MetaspaceReclaimPolicy: balanced
 - commit_granule_bytes: 65536.
 - commit_granule_words: 8192.
 - virtual_space_node_default_size: 8388608.
 - enlarge_chunks_in_place: 1.
 - new_chunks_are_fully_committed: 0.
 - uncommit_free_chunks: 1.
 - use_allocation_guard: 0.
 - handle_deallocations: 1.


Internal statistics:

num_allocs_failed_limit: 0.
num_arena_births: 198.
num_arena_deaths: 0.
num_vsnodes_births: 2.
num_vsnodes_deaths: 0.
num_space_committed: 167.
num_space_uncommitted: 0.
num_chunks_returned_to_freelist: 0.
num_chunks_taken_from_freelist: 442.
num_chunk_merges: 0.
num_chunk_splits: 288.
num_chunks_enlarged: 204.
num_inconsistent_stats: 0.

CodeCache: size=49152Kb used=5440Kb max_used=5440Kb free=43711Kb
 bounds [0x00000218e0550000, 0x00000218e0ab0000, 0x00000218e3550000]
 total_blobs=2239 nmethods=1775 adapters=388
 compilation: disabled (not enough contiguous free space left)
              stopped_count=1, restarted_count=0
 full_count=1

Compilation events (20 events):
Event: 7.138 Thread 0x00000218ef995fc0 nmethod 1764 0x00000218e0a90810 code [0x00000218e0a90b00, 0x00000218e0a91c38]
Event: 7.138 Thread 0x00000218ef995fc0 1769       1       java.lang.invoke.InfoFromMemberName::getModifiers (8 bytes)
Event: 7.139 Thread 0x00000218ef995fc0 nmethod 1769 0x00000218e0a92410 code [0x00000218e0a925a0, 0x00000218e0a92678]
Event: 7.139 Thread 0x00000218ef995fc0 1771       1       java.lang.invoke.AbstractValidatingLambdaMetafactory::isAdaptableToAsReturn (36 bytes)
Event: 7.140 Thread 0x00000218ef995fc0 nmethod 1771 0x00000218e0a92710 code [0x00000218e0a928a0, 0x00000218e0a92a08]
Event: 7.140 Thread 0x00000218ef995fc0 1772       1       jdk.internal.misc.CDS::isSharingEnabled (4 bytes)
Event: 7.140 Thread 0x00000218ef995fc0 nmethod 1772 0x00000218e0a92b10 code [0x00000218e0a92ca0, 0x00000218e0a92d58]
Event: 7.140 Thread 0x00000218f4231a20 nmethod 1768 0x00000218e0a92e10 code [0x00000218e0a93020, 0x00000218e0a93458]
Event: 7.143 Thread 0x00000218efa844c0 nmethod 1765 0x00000218e0a93710 code [0x00000218e0a93ce0, 0x00000218e0a96868]
Event: 7.145 Thread 0x00000218f424ea50 nmethod 1770 0x00000218e0a97b90 code [0x00000218e0a981e0, 0x00000218e0a9baa8]
Event: 7.147 Thread 0x00000218efa844c0 1773       1       sun.reflect.generics.parser.SignatureParser::parseFieldTypeSignature (6 bytes)
Event: 7.148 Thread 0x00000218efa844c0 nmethod 1773 0x00000218e0a9d510 code [0x00000218e0a9d6a0, 0x00000218e0a9d788]
Event: 7.148 Thread 0x00000218ef995fc0 1774       1       sun.reflect.generics.parser.SignatureParser::parseFieldTypeSignature (73 bytes)
Event: 7.148 Thread 0x00000218efa844c0 1775       1       org.springframework.core.ResolvableType::getGenerics (171 bytes)
Event: 7.148 Thread 0x00000218ef995fc0 nmethod 1774 0x00000218e0a9d810 code [0x00000218e0a9da20, 0x00000218e0a9dd88]
Event: 7.150 Thread 0x00000218efa844c0 nmethod 1775 0x00000218e0a9df90 code [0x00000218e0a9e1e0, 0x00000218e0a9ecb8]
Event: 7.150 Thread 0x00000218efa844c0 1776       1       org.springframework.boot.context.properties.source.ConfigurationPropertyName::equals (86 bytes)
Event: 7.151 Thread 0x00000218f424ea50 1777       1       java.lang.invoke.LambdaMetafactory::metafactory (71 bytes)
Event: 7.151 Thread 0x00000218efa844c0 nmethod 1776 0x00000218e0a9f610 code [0x00000218e0a9f820, 0x00000218e0a9fc78]
Event: 7.152 Thread 0x00000218f424ea50 


GC Heap History (4 events):
Event: 5.644 GC heap before
{Heap before GC invocations=0 (full 0):
 garbage-first heap   total 262144K, used 20480K [0x0000000701400000, 0x0000000800000000)
  region size 2048K, 11 young (22528K), 0 survivors (0K)
 Metaspace       used 6686K, committed 6848K, reserved 1114112K
  class space    used 822K, committed 896K, reserved 1048576K
}
Event: 5.684 GC heap after
{Heap after GC invocations=1 (full 0):
 garbage-first heap   total 262144K, used 8245K [0x0000000701400000, 0x0000000800000000)
  region size 2048K, 2 young (4096K), 2 survivors (4096K)
 Metaspace       used 6686K, committed 6848K, reserved 1114112K
  class space    used 822K, committed 896K, reserved 1048576K
}
Event: 6.804 GC heap before
{Heap before GC invocations=1 (full 0):
 garbage-first heap   total 262144K, used 26677K [0x0000000701400000, 0x0000000800000000)
  region size 2048K, 11 young (22528K), 2 survivors (4096K)
 Metaspace       used 9951K, committed 10240K, reserved 1114112K
  class space    used 1314K, committed 1472K, reserved 1048576K
}
Event: 6.810 GC heap after
{Heap after GC invocations=2 (full 0):
 garbage-first heap   total 262144K, used 9046K [0x0000000701400000, 0x0000000800000000)
  region size 2048K, 1 young (2048K), 1 survivors (2048K)
 Metaspace       used 9951K, committed 10240K, reserved 1114112K
  class space    used 1314K, committed 1472K, reserved 1048576K
}

Deoptimization events (0 events):
No events

Classes unloaded (0 events):
No events

Classes redefined (0 events):
No events

Internal exceptions (20 events):
Event: 6.089 Thread 0x00000218f4643730 Exception <a 'java/lang/NoSuchMethodError'{0x0000000710d584c8}: 'java.lang.Object java.lang.invoke.DirectMethodHandle$Holder.newInvokeSpecial(java.lang.Object, java.lang.Object, java.lang.Object, java.lang.Object, java.lang.Object)'> (0x0000000710d584c8) 
thrown [s\open\src\hotspot\share\interpreter\linkResolver.cpp, line 759]
Event: 6.104 Thread 0x00000218f4643730 Exception <a 'java/lang/NoSuchMethodError'{0x0000000710d92e80}: 'java.lang.Object java.lang.invoke.DirectMethodHandle$Holder.invokeStaticInit(java.lang.Object, java.lang.Object, java.lang.Object)'> (0x0000000710d92e80) 
thrown [s\open\src\hotspot\share\interpreter\linkResolver.cpp, line 759]
Event: 6.140 Thread 0x00000218f4643730 Exception <a 'java/lang/IncompatibleClassChangeError'{0x0000000710a22930}: Found class java.lang.Object, but interface was expected> (0x0000000710a22930) 
thrown [s\open\src\hotspot\share\interpreter\linkResolver.cpp, line 826]
Event: 6.177 Thread 0x00000218f4643730 Exception <a 'sun/nio/fs/WindowsException'{0x0000000710aa2590}> (0x0000000710aa2590) 
thrown [s\open\src\hotspot\share\prims\jni.cpp, line 516]
Event: 6.505 Thread 0x00000218f4643730 Exception <a 'java/lang/NoSuchMethodError'{0x00000007107ddcf0}: 'java.lang.Object java.lang.invoke.DirectMethodHandle$Holder.newInvokeSpecial(java.lang.Object, java.lang.Object, java.lang.Object, java.lang.Object, java.lang.Object, java.lang.Object, java.lang.Object)'> (0x00000007107ddcf0) 
thrown [s\open\src\hotspot\share\interpreter\linkResolver.cpp, line 759]
Event: 6.506 Thread 0x00000218f4643730 Exception <a 'java/lang/NoSuchMethodError'{0x00000007107e2620}: 'java.lang.Object java.lang.invoke.Invokers$Holder.linkToTargetMethod(java.lang.Object, java.lang.Object, java.lang.Object, java.lang.Object, java.lang.Object, java.lang.Object, java.lang.Object)'> (0x00000007107e2620) 
thrown [s\open\src\hotspot\share\interpreter\linkResolver.cpp, line 759]
Event: 6.516 Thread 0x00000218f4643730 Exception <a 'java/lang/NoSuchMethodError'{0x00000007107fdb48}: 'void java.lang.invoke.DirectMethodHandle$Holder.invokeStaticInit(java.lang.Object, java.lang.Object)'> (0x00000007107fdb48) 
thrown [s\open\src\hotspot\share\interpreter\linkResolver.cpp, line 759]
Event: 6.539 Thread 0x00000218f4643730 Exception <a 'java/lang/NoSuchMethodError'{0x000000071044df60}: 'int java.lang.invoke.DirectMethodHandle$Holder.invokeStatic(java.lang.Object, java.lang.Object, java.lang.Object, java.lang.Object)'> (0x000000071044df60) 
thrown [s\open\src\hotspot\share\interpreter\linkResolver.cpp, line 759]
Event: 6.540 Thread 0x00000218f4643730 Exception <a 'java/lang/NoSuchMethodError'{0x00000007104518e0}: 'java.lang.Object java.lang.invoke.Invokers$Holder.invokeExact_MT(java.lang.Object, java.lang.Object, java.lang.Object, java.lang.Object, java.lang.Object, java.lang.Object)'> (0x00000007104518e0) 
thrown [s\open\src\hotspot\share\interpreter\linkResolver.cpp, line 759]
Event: 6.572 Thread 0x00000218f4643730 Exception <a 'java/lang/NoSuchMethodError'{0x00000007104adc70}: 'java.lang.Object java.lang.invoke.DirectMethodHandle$Holder.invokeSpecial(java.lang.Object, java.lang.Object, java.lang.Object, java.lang.Object, java.lang.Object, java.lang.Object, int)'> (0x00000007104adc70) 
thrown [s\open\src\hotspot\share\interpreter\linkResolver.cpp, line 759]
Event: 6.573 Thread 0x00000218f4643730 Exception <a 'java/lang/NoSuchMethodError'{0x00000007104b81d8}: 'java.lang.Object java.lang.invoke.DirectMethodHandle$Holder.newInvokeSpecial(java.lang.Object, java.lang.Object, java.lang.Object, java.lang.Object, java.lang.Object, java.lang.Object, int)'> (0x00000007104b81d8) 
thrown [s\open\src\hotspot\share\interpreter\linkResolver.cpp, line 759]
Event: 6.574 Thread 0x00000218f4643730 Exception <a 'java/lang/NoSuchMethodError'{0x00000007104bd230}: 'java.lang.Object java.lang.invoke.DirectMethodHandle$Holder.invokeSpecial(java.lang.Object, java.lang.Object, java.lang.Object, java.lang.Object, java.lang.Object, java.lang.Object, java.lang.Object, int)'> (0x00000007104bd230) 
thrown [s\open\src\hotspot\share\interpreter\linkResolver.cpp, line 759]
Event: 6.660 Thread 0x00000218f4643730 Exception <a 'java/lang/NoSuchMethodError'{0x00000007102257d8}: 'void java.lang.invoke.DirectMethodHandle$Holder.invokeSpecial(java.lang.Object, java.lang.Object, java.lang.Object, java.lang.Object, java.lang.Object)'> (0x00000007102257d8) 
thrown [s\open\src\hotspot\share\interpreter\linkResolver.cpp, line 759]
Event: 6.978 Thread 0x00000218f4643730 Exception <a 'java/lang/NoSuchMethodError'{0x00000007113db290}: 'void java.lang.invoke.DirectMethodHandle$Holder.invokeSpecial(java.lang.Object, java.lang.Object, java.lang.Object, java.lang.Object, java.lang.Object, java.lang.Object)'> (0x00000007113db290) 
thrown [s\open\src\hotspot\share\interpreter\linkResolver.cpp, line 759]
Event: 7.070 Thread 0x00000218f4643730 Exception <a 'java/lang/NoSuchMethodError'{0x00000007110dec58}: 'java.lang.Object java.lang.invoke.DirectMethodHandle$Holder.invokeSpecial(java.lang.Object, java.lang.Object, java.lang.Object, int, java.lang.Object)'> (0x00000007110dec58) 
thrown [s\open\src\hotspot\share\interpreter\linkResolver.cpp, line 759]
Event: 7.072 Thread 0x00000218f4643730 Exception <a 'java/lang/NoSuchMethodError'{0x00000007110e72b8}: 'java.lang.Object java.lang.invoke.DirectMethodHandle$Holder.newInvokeSpecial(java.lang.Object, java.lang.Object, java.lang.Object, int, java.lang.Object)'> (0x00000007110e72b8) 
thrown [s\open\src\hotspot\share\interpreter\linkResolver.cpp, line 759]
Event: 7.076 Thread 0x00000218f4643730 Exception <a 'java/lang/NoSuchMethodError'{0x00000007110eec88}: 'java.lang.Object java.lang.invoke.Invokers$Holder.linkToTargetMethod(java.lang.Object, java.lang.Object, int, java.lang.Object, java.lang.Object)'> (0x00000007110eec88) 
thrown [s\open\src\hotspot\share\interpreter\linkResolver.cpp, line 759]
Event: 7.081 Thread 0x00000218f4643730 Exception <a 'java/lang/NoSuchMethodError'{0x00000007110fe830}: 'java.lang.Object java.lang.invoke.DirectMethodHandle$Holder.newInvokeSpecial(java.lang.Object, int, java.lang.Object)'> (0x00000007110fe830) 
thrown [s\open\src\hotspot\share\interpreter\linkResolver.cpp, line 759]
Event: 7.083 Thread 0x00000218f4643730 Exception <a 'java/lang/NoSuchMethodError'{0x00000007111032f8}: 'int java.lang.invoke.DirectMethodHandle$Holder.invokeSpecialIFC(java.lang.Object, java.lang.Object, java.lang.Object, java.lang.Object)'> (0x00000007111032f8) 
thrown [s\open\src\hotspot\share\interpreter\linkResolver.cpp, line 759]
Event: 7.171 Thread 0x00000218f4643730 Exception <a 'java/lang/NoSuchMethodError'{0x0000000710e09d78}: 'void java.lang.invoke.DirectMethodHandle$Holder.invokeInterface(java.lang.Object, java.lang.Object, java.lang.Object)'> (0x0000000710e09d78) 
thrown [s\open\src\hotspot\share\interpreter\linkResolver.cpp, line 759]

VM Operations (20 events):
Event: 3.368 Executing VM operation: HandshakeAllThreads
Event: 3.368 Executing VM operation: HandshakeAllThreads done
Event: 3.368 Executing VM operation: Cleanup
Event: 3.368 Executing VM operation: Cleanup done
Event: 3.733 Executing VM operation: HandshakeAllThreads
Event: 3.733 Executing VM operation: HandshakeAllThreads done
Event: 4.744 Executing VM operation: Cleanup
Event: 4.744 Executing VM operation: Cleanup done
Event: 4.954 Executing VM operation: HandshakeAllThreads
Event: 4.955 Executing VM operation: HandshakeAllThreads done
Event: 5.100 Executing VM operation: HandshakeAllThreads
Event: 5.100 Executing VM operation: HandshakeAllThreads done
Event: 5.113 Executing VM operation: HandshakeAllThreads
Event: 5.113 Executing VM operation: HandshakeAllThreads done
Event: 5.644 Executing VM operation: G1CollectForAllocation
Event: 5.684 Executing VM operation: G1CollectForAllocation done
Event: 6.179 Executing VM operation: HandshakeAllThreads
Event: 6.179 Executing VM operation: HandshakeAllThreads done
Event: 6.804 Executing VM operation: G1CollectForAllocation
Event: 6.812 Executing VM operation: G1CollectForAllocation done

Events (20 events):
Event: 6.794 loading class sun/net/ProgressMeteringPolicy done
Event: 6.794 loading class sun/net/DefaultProgressMeteringPolicy done
Event: 6.836 loading class java/nio/charset/CharacterCodingException
Event: 6.836 loading class java/nio/charset/CharacterCodingException done
Event: 6.910 loading class java/util/regex/Pattern$1
Event: 6.910 loading class java/util/regex/Pattern$1 done
Event: 6.957 loading class java/util/TreeMap$DescendingSubMap
Event: 6.957 loading class java/util/TreeMap$NavigableSubMap
Event: 6.958 loading class java/util/TreeMap$NavigableSubMap done
Event: 6.958 loading class java/util/TreeMap$DescendingSubMap done
Event: 6.958 loading class java/util/Collections$ReverseComparator
Event: 6.959 loading class java/util/Collections$ReverseComparator done
Event: 6.959 loading class java/util/TreeMap$NavigableSubMap$DescendingSubMapKeyIterator
Event: 6.959 loading class java/util/TreeMap$NavigableSubMap$SubMapIterator
Event: 6.960 loading class java/util/TreeMap$NavigableSubMap$SubMapIterator done
Event: 6.960 loading class java/util/TreeMap$NavigableSubMap$DescendingSubMapKeyIterator done
Event: 6.993 loading class java/util/stream/MatchOps$1MatchSink
Event: 6.993 loading class java/util/stream/MatchOps$1MatchSink done
Event: 7.039 loading class sun/reflect/generics/scope/ConstructorScope
Event: 7.039 loading class sun/reflect/generics/scope/ConstructorScope done


Dynamic libraries:
0x00007ff6d4bb0000 - 0x00007ff6d4bc0000 	C:\Program Files\Java\jdk-17\bin\java.exe
0x00007ff8089b0000 - 0x00007ff808bc7000 	C:\WINDOWS\SYSTEM32\ntdll.dll
0x00007ff807480000 - 0x00007ff807544000 	C:\WINDOWS\System32\KERNEL32.DLL
0x00007ff805fe0000 - 0x00007ff80638d000 	C:\WINDOWS\System32\KERNELBASE.dll
0x00007ff805ce0000 - 0x00007ff805df1000 	C:\WINDOWS\System32\ucrtbase.dll
0x00007ff800560000 - 0x00007ff80057b000 	C:\Program Files\Java\jdk-17\bin\VCRUNTIME140.dll
0x00007fffffcc0000 - 0x00007fffffcd9000 	C:\Program Files\Java\jdk-17\bin\jli.dll
0x00007ff808730000 - 0x00007ff8087e2000 	C:\WINDOWS\System32\ADVAPI32.dll
0x00007ff8068c0000 - 0x00007ff806967000 	C:\WINDOWS\System32\msvcrt.dll
0x00007ff8081b0000 - 0x00007ff808259000 	C:\WINDOWS\System32\sechost.dll
0x00007ff806570000 - 0x00007ff806598000 	C:\WINDOWS\System32\bcrypt.dll
0x00007ff8085c0000 - 0x00007ff8086d4000 	C:\WINDOWS\System32\RPCRT4.dll
0x00007ff807020000 - 0x00007ff8071ce000 	C:\WINDOWS\System32\USER32.dll
0x00007ff8066c0000 - 0x00007ff8066e6000 	C:\WINDOWS\System32\win32u.dll
0x00007ff8072b0000 - 0x00007ff8072d9000 	C:\WINDOWS\System32\GDI32.dll
0x00007ffff2900000 - 0x00007ffff2b93000 	C:\WINDOWS\WinSxS\amd64_microsoft.windows.common-controls_6595b64144ccf1df_6.0.22621.3672_none_2713b9d173822955\COMCTL32.dll
0x00007ff8065a0000 - 0x00007ff8066b9000 	C:\WINDOWS\System32\gdi32full.dll
0x00007ff806410000 - 0x00007ff8064aa000 	C:\WINDOWS\System32\msvcp_win.dll
0x00007ffffc4d0000 - 0x00007ffffc4da000 	C:\WINDOWS\SYSTEM32\VERSION.dll
0x00007ff806fe0000 - 0x00007ff807011000 	C:\WINDOWS\System32\IMM32.DLL
0x00007fffff400000 - 0x00007fffff40c000 	C:\Program Files\Java\jdk-17\bin\vcruntime140_1.dll
0x00007fffd0ff0000 - 0x00007fffd107e000 	C:\Program Files\Java\jdk-17\bin\msvcp140.dll
0x00007fffbc580000 - 0x00007fffbd160000 	C:\Program Files\Java\jdk-17\bin\server\jvm.dll
0x00007ff8082f0000 - 0x00007ff8082f8000 	C:\WINDOWS\System32\PSAPI.DLL
0x00007fffea050000 - 0x00007fffea059000 	C:\WINDOWS\SYSTEM32\WSOCK32.dll
0x00007ff8071d0000 - 0x00007ff807241000 	C:\WINDOWS\System32\WS2_32.dll
0x00007ffffde70000 - 0x00007ffffdea4000 	C:\WINDOWS\SYSTEM32\WINMM.dll
0x00007ff804e00000 - 0x00007ff804e18000 	C:\WINDOWS\SYSTEM32\kernel.appcore.dll
0x00007fffff3f0000 - 0x00007fffff3fa000 	C:\Program Files\Java\jdk-17\bin\jimage.dll
0x00007ff8035e0000 - 0x00007ff803812000 	C:\WINDOWS\SYSTEM32\DBGHELP.DLL
0x00007ff807dc0000 - 0x00007ff808148000 	C:\WINDOWS\System32\combase.dll
0x00007ff806980000 - 0x00007ff806a57000 	C:\WINDOWS\System32\OLEAUT32.dll
0x00007fffe6110000 - 0x00007fffe6142000 	C:\WINDOWS\SYSTEM32\dbgcore.DLL
0x00007ff806390000 - 0x00007ff80640b000 	C:\WINDOWS\System32\bcryptPrimitives.dll
0x00007fffff3a0000 - 0x00007fffff3ae000 	C:\Program Files\Java\jdk-17\bin\instrument.dll
0x00007ffff24c0000 - 0x00007ffff24e5000 	C:\Program Files\Java\jdk-17\bin\java.dll
0x00007fffc1b80000 - 0x00007fffc1c57000 	C:\Program Files\Java\jdk-17\bin\jsvml.dll
0x00007ff807560000 - 0x00007ff807dbf000 	C:\WINDOWS\System32\SHELL32.dll
0x00007ff803c40000 - 0x00007ff80453c000 	C:\WINDOWS\SYSTEM32\windows.storage.dll
0x00007ff803b00000 - 0x00007ff803c3f000 	C:\WINDOWS\SYSTEM32\wintypes.dll
0x00007ff806ee0000 - 0x00007ff806fd4000 	C:\WINDOWS\System32\SHCORE.dll
0x00007ff808300000 - 0x00007ff80835e000 	C:\WINDOWS\System32\shlwapi.dll
0x00007ff805c10000 - 0x00007ff805c31000 	C:\WINDOWS\SYSTEM32\profapi.dll
0x00007ffff39f0000 - 0x00007ffff3a08000 	C:\Program Files\Java\jdk-17\bin\zip.dll
0x00007ffff2850000 - 0x00007ffff2869000 	C:\Program Files\Java\jdk-17\bin\net.dll
0x00007ffffe260000 - 0x00007ffffe396000 	C:\WINDOWS\SYSTEM32\WINHTTP.dll
0x00007ff805270000 - 0x00007ff8052d9000 	C:\WINDOWS\system32\mswsock.dll
0x00007ffff1020000 - 0x00007ffff1036000 	C:\Program Files\Java\jdk-17\bin\nio.dll
0x00007fffe8b80000 - 0x00007fffe8b9a000 	C:\Program Files\JetBrains\IntelliJ IDEA 2024.1.1\bin\breakgen64.dll
0x00007ff804880000 - 0x00007ff804978000 	C:\WINDOWS\SYSTEM32\DNSAPI.dll
0x00007ff804810000 - 0x00007ff80483d000 	C:\WINDOWS\SYSTEM32\IPHLPAPI.DLL
0x00007ff8068b0000 - 0x00007ff8068b9000 	C:\WINDOWS\System32\NSI.dll
0x00007ffff0c50000 - 0x00007ffff0c5a000 	C:\Windows\System32\rasadhlp.dll
0x00007ffffc090000 - 0x00007ffffc113000 	C:\WINDOWS\System32\fwpuclnt.dll
0x00007fffff2b0000 - 0x00007fffff2ba000 	C:\Program Files\Java\jdk-17\bin\management.dll
0x00007fffff240000 - 0x00007fffff24b000 	C:\Program Files\Java\jdk-17\bin\management_ext.dll
0x00007ff8054d0000 - 0x00007ff8054eb000 	C:\WINDOWS\SYSTEM32\CRYPTSP.dll
0x00007ff804d60000 - 0x00007ff804d95000 	C:\WINDOWS\system32\rsaenh.dll
0x00007ff805370000 - 0x00007ff805398000 	C:\WINDOWS\SYSTEM32\USERENV.dll
0x00007ff8054f0000 - 0x00007ff8054fc000 	C:\WINDOWS\SYSTEM32\CRYPTBASE.dll
0x00007ffffe240000 - 0x00007ffffe259000 	C:\WINDOWS\SYSTEM32\dhcpcsvc6.DLL
0x00007ffffdff0000 - 0x00007ffffe00f000 	C:\WINDOWS\SYSTEM32\dhcpcsvc.DLL
0x00007fffde630000 - 0x00007fffde647000 	C:\WINDOWS\system32\napinsp.dll
0x00007fffde4e0000 - 0x00007fffde4fb000 	C:\WINDOWS\system32\pnrpnsp.dll
0x00007fffde4c0000 - 0x00007fffde4d1000 	C:\WINDOWS\System32\winrnr.dll
0x00007ffffe010000 - 0x00007ffffe025000 	C:\WINDOWS\system32\wshbth.dll
0x00007fffde490000 - 0x00007fffde4b7000 	C:\WINDOWS\system32\nlansp_c.dll

dbghelp: loaded successfully - version: 4.0.5 - missing functions: none
symbol engine: initialized successfully - sym options: 0x614 - pdb path: .;C:\Program Files\Java\jdk-17\bin;C:\WINDOWS\SYSTEM32;C:\WINDOWS\WinSxS\amd64_microsoft.windows.common-controls_6595b64144ccf1df_6.0.22621.3672_none_2713b9d173822955;C:\Program Files\Java\jdk-17\bin\server;C:\Program Files\JetBrains\IntelliJ IDEA 2024.1.1\bin

VM Arguments:
jvm_args: -XX:TieredStopAtLevel=1 -Dspring.output.ansi.enabled=always -Dcom.sun.management.jmxremote -Dspring.jmx.enabled=true -Dspring.liveBeansView.mbeanDomain -Dspring.application.admin.enabled=true -Dmanagement.endpoints.jmx.exposure.include=* -javaagent:C:\Program Files\JetBrains\IntelliJ IDEA 2024.1.1\lib\idea_rt.jar=2343:C:\Program Files\JetBrains\IntelliJ IDEA 2024.1.1\bin -Dfile.encoding=UTF-8 
java_command: com.ormi.storywave.StorywaveApplication
java_class_path (initial): C:\teamspace\build\classes\java\main;C:\teamspace\build\resources\main;C:\Users\908jo\.gradle\caches\modules-2\files-2.1\org.mapstruct\mapstruct-processor\1.5.3.Final\dce418bedafd71ff8dd2cef15006c0fee788b073\mapstruct-processor-1.5.3.Final.jar;C:\Users\908jo\.gradle\caches\modules-2\files-2.1\org.springframework.boot\spring-boot-configuration-processor\3.3.2\865979850b50f57caf2a9b144b8741970a017543\spring-boot-configuration-processor-3.3.2.jar;C:\Users\908jo\.gradle\caches\modules-2\files-2.1\org.projectlombok\lombok\1.18.34\ec547ef414ab1d2c040118fb9c1c265ada63af14\lombok-1.18.34.jar;C:\Users\908jo\.gradle\caches\modules-2\files-2.1\commons-io\commons-io\2.11.0\a2503f302b11ebde7ebc3df41daebe0e4eea3689\commons-io-2.11.0.jar;C:\Users\908jo\.gradle\caches\modules-2\files-2.1\org.mapstruct\mapstruct\1.5.3.Final\5f5d063858957ef086858bc3d003f702082297f3\mapstruct-1.5.3.Final.jar;C:\Users\908jo\.gradle\caches\modules-2\files-2.1\org.springframework.boot\spring-boot-starter-data-jpa\3.3.2\2731d74dfc18fb905c29930cf55493980c2cee5a\spring-boot-starter-data-jpa-3.3.2.jar;C:\Users\908jo\.gradle\caches\modules-2\files-2.1\jakarta.persistence\jakarta.persistence-api\3.1.0\66901fa1c373c6aff65c13791cc11da72060a8d6\jakarta.persistence-api-3.1.0.jar;C:\Users\908jo\.gradle\caches\modules-2\files-2.1\org.springframework.boot\spring-boot-starter-web\3.3.2\720418538668a8742d0ae24097811d5250cf5c32\spring-boot-starter-web-3.3.2.jar;C:\Users\908jo\.gradle\caches\modules-2\files-2.1\org.springframework.boot\spring-boot-starter-thymeleaf\3.3.2\cdcc62e2bb84c080a474281cf09c28cdfd423955\spring-boot-starter-thymeleaf-3.3.2.jar;C:\Users\908jo\.gradle\caches\modules-2\files-2.1\org.springframework.boot\spring-boot-starter-validation\3.3.2\81ee06b318ed35c2a3f4882a0f7b9946a39e1b39\spring-boot-starter-validation-3.3.2.jar;C:\Users\908jo\.gradle\caches\modules-2\files-2.1\org.hibernate.orm\hibernate-core\6.5.2.Final\e9e0cc47f6cd2b2553968aee66bd9e55e7485221\hibernate-core-6.5
Launcher Type: SUN_STANDARD

[Global flags]
     intx CICompilerCount                          = 4                                         {product} {ergonomic}
     uint ConcGCThreads                            = 2                                         {product} {ergonomic}
     uint G1ConcRefinementThreads                  = 8                                         {product} {ergonomic}
   size_t G1HeapRegionSize                         = 2097152                                   {product} {ergonomic}
    uintx GCDrainStackTargetSize                   = 64                                        {product} {ergonomic}
   size_t InitialHeapSize                          = 268435456                                 {product} {ergonomic}
     bool ManagementServer                         = true                                      {product} {command line}
   size_t MarkStackSize                            = 4194304                                   {product} {ergonomic}
   size_t MaxHeapSize                              = 4273995776                                {product} {ergonomic}
   size_t MaxNewSize                               = 2562719744                                {product} {ergonomic}
   size_t MinHeapDeltaBytes                        = 2097152                                   {product} {ergonomic}
   size_t MinHeapSize                              = 8388608                                   {product} {ergonomic}
    uintx NonProfiledCodeHeapSize                  = 0                                      {pd product} {ergonomic}
     bool ProfileInterpreter                       = false                                  {pd product} {command line}
    uintx ProfiledCodeHeapSize                     = 0                                      {pd product} {ergonomic}
   size_t SoftMaxHeapSize                          = 4273995776                             {manageable} {ergonomic}
     intx TieredStopAtLevel                        = 1                                         {product} {command line}
     bool UseCompressedClassPointers               = true                           {product lp64_product} {ergonomic}
     bool UseCompressedOops                        = true                           {product lp64_product} {ergonomic}
     bool UseG1GC                                  = true                                      {product} {ergonomic}
     bool UseLargePagesIndividualAllocation        = false                                  {pd product} {ergonomic}

Logging:
Log output configuration:
 #0: stdout all=warning uptime,level,tags
 #1: stderr all=off uptime,level,tags

Environment Variables:
PATH=C:\Program Files\Common Files\Oracle\Java\javapath;C:\Program Files (x86)\Common Files\Oracle\Java\java8path;C:\Program Files (x86)\Common Files\Oracle\Java\javapath;C:\Program Files (x86)\Intel\iCLS Client\;C:\Program Files\Intel\iCLS Client\;C:\WINDOWS\system32;C:\WINDOWS;C:\WINDOWS\System32\Wbem;C:\WINDOWS\System32\WindowsPowerShell\v1.0\;C:\Program Files (x86)\Intel\Intel(R) Management Engine Components\DAL;C:\Program Files\Intel\Intel(R) Management Engine Components\DAL;C:\Program Files (x86)\Intel\Intel(R) Management Engine Components\IPT;C:\Program Files\Intel\Intel(R) Management Engine Components\IPT;C:\WINDOWS\System32\OpenSSH\;C:\Program Files\Intel\WiFi\bin\;C:\Program Files\Common Files\Intel\WirelessCommon\;C:\Program Files (x86)\Common Files\Adobe\AGL;C:\Program Files (x86)\Windows Live\Shared;C:\Program Files\Git\cmd;C:\Python39\Scripts\;C:\Python39\;C:\Users\908jo\AppData\Local\Microsoft\WindowsApps;;C:\Users\908jo\AppData\Local\afreeca;C:\Program Files\JetBrains\IntelliJ IDEA 2024.1.1\bin;
USERNAME=908jo
OS=Windows_NT
PROCESSOR_IDENTIFIER=Intel64 Family 6 Model 142 Stepping 10, GenuineIntel



---------------  S Y S T E M  ---------------

OS:
 Windows 11 , 64 bit Build 22621 (10.0.22621.3672)
OS uptime: 1 days 2:48 hours

CPU: total 8 (initial active 8) (4 cores per cpu, 2 threads per core) family 6 model 142 stepping 10 microcode 0xe0, cx8, cmov, fxsr, ht, mmx, 3dnowpref, sse, sse2, sse3, ssse3, sse4.1, sse4.2, popcnt, lzcnt, tsc, tscinvbit, avx, avx2, aes, erms, clmul, bmi1, bmi2, adx, fma, vzeroupper, clflush, clflushopt

Memory: 4k page, system-wide physical 16299M (675M free)
TotalPageFile size 44018M (AvailPageFile size 31M)
current process WorkingSet (physical memory assigned to process): 91M, peak: 91M
current process commit charge ("private bytes"): 362M, peak: 362M

vm_info: Java HotSpot(TM) 64-Bit Server VM (17.0.12+8-LTS-286) for windows-amd64 JRE (17.0.12+8-LTS-286), built on Jun  5 2024 06:46:59 by "mach5one" with MS VC++ 17.6 (VS2022)

END.
